生成启动时间为 1/22/2025 10:04:02 PM。
     1>项目“E:\MyProjects\Dll2Shellcode\Dll2Shellcode\Dll2Shellcode.vcxproj”在节点 2 上(Build 个目标)。
     1>_MASM:
         Assembling stub32.asm...
         cmd.exe /C "C:\Users\binsong\AppData\Local\Temp\tmpfeeb9a47006c42c3829716d42ac05d1d.cmd"
         ml.exe /c /nologo /Zi /Fo"Release\stub32.obj" /W3 /errorReport:prompt  /Tastub32.asm
       _MASM:
         Assembling stub64.asm...
       ClCompile:
         D:\ProgramFiles\Microsoft Visual Studio 12.0\VC\bin\CL.exe /c /Zi /nologo /W3 /WX- /Od /Oi /Oy- /GL /D WIN32 /D NDEBUG /D _CONSOLE /D _LIB /D _UNICODE /D UNICODE /Gm- /MD /GS- /Gy /fp:precise /Zc:wchar_t /Zc:forScope /Fo"Release\\" /Fd"Release\vc120.pdb" /Gd /TP /analyze- /errorReport:prompt loader.cpp
         loader.cpp
     1>loader.cpp(158): warning C4244: “初始化”: 从“WCHAR”转换到“CHAR”，可能丢失数据
     1>loader.cpp(204): warning C4018: “<”: 有符号/无符号不匹配
     1>loader.cpp(245): warning C4018: “<”: 有符号/无符号不匹配
     1>loader.cpp(301): warning C4018: “<”: 有符号/无符号不匹配
     1>loader.cpp(313): warning C4244: “+=”: 从“LONG64”转换到“uint32_t”，可能丢失数据
     1>loader.cpp(688): warning C4018: “<”: 有符号/无符号不匹配
       Link:
         D:\ProgramFiles\Microsoft Visual Studio 12.0\VC\bin\link.exe /ERRORREPORT:PROMPT /OUT:"E:\MyProjects\Dll2Shellcode\Release\Exe2Shellcode.exe" /INCREMENTAL:NO /NOLOGO kernel32.lib user32.lib gdi32.lib winspool.lib comdlg32.lib advapi32.lib shell32.lib ole32.lib oleaut32.lib uuid.lib odbc32.lib odbccp32.lib /MANIFEST /MANIFESTUAC:"level='asInvoker' uiAccess='false'" /manifest:embed /DEBUG /PDB:"E:\MyProjects\Dll2Shellcode\Release\Exe2Shellcode.pdb" /SUBSYSTEM:CONSOLE /OPT:REF /OPT:ICF /LTCG /TLBID:1 /ENTRY:"entry" /DYNAMICBASE /NXCOMPAT /IMPLIB:"E:\MyProjects\Dll2Shellcode\Release\Exe2Shellcode.lib" /MACHINE:X86 /SAFESEH /SAFESEH:NO Release\loader.obj
         Release\stub32.obj
         正在生成代码
         已完成代码的生成
         Dll2Shellcode.vcxproj -> E:\MyProjects\Dll2Shellcode\Release\Exe2Shellcode.exe
     1>已完成生成项目“E:\MyProjects\Dll2Shellcode\Dll2Shellcode\Dll2Shellcode.vcxproj”(Build 个目标)的操作。

生成成功。

已用时间 00:00:01.71
